TN:
SF:/Users/zain/Documents/Code/apollo-server2-ts/webpack.common.js
FNF:0
FNH:0
DA:1,0
DA:3,0
LF:2
LH:0
BRF:0
BRH:0
end_of_record
TN:
SF:/Users/zain/Documents/Code/apollo-server2-ts/webpack.development.js
FNF:0
FNH:0
DA:1,0
DA:2,0
DA:3,0
DA:4,0
DA:5,0
DA:7,0
DA:9,0
LF:7
LH:0
BRF:0
BRH:0
end_of_record
TN:
SF:/Users/zain/Documents/Code/apollo-server2-ts/webpack.production.js
FNF:0
FNH:0
DA:1,0
DA:2,0
DA:3,0
DA:4,0
DA:6,0
DA:8,0
LF:6
LH:0
BRF:0
BRH:0
end_of_record
TN:
SF:/Users/zain/Documents/Code/apollo-server2-ts/dist/server.js
FN:1,(anonymous_0)
FN:3,hotDownloadUpdateChunk
FN:9,hotDownloadManifest
FN:19,hotDisposeChunk
FN:35,hotCreateRequire
FN:38,(anonymous_5)
FN:62,ObjectFactory
FN:66,(anonymous_7)
FN:69,(anonymous_8)
FN:83,(anonymous_9)
FN:86,(anonymous_10)
FN:91,finishChunkLoading
FN:103,(anonymous_12)
FN:111,hotCreateModule
FN:123,(anonymous_14)
FN:128,(anonymous_15)
FN:129,(anonymous_16)
FN:131,(anonymous_17)
FN:138,(anonymous_18)
FN:141,(anonymous_19)
FN:144,(anonymous_20)
FN:152,(anonymous_21)
FN:156,(anonymous_22)
FN:159,(anonymous_23)
FN:174,hotSetStatus
FN:191,toModuleId
FN:196,hotCheck
FN:202,(anonymous_27)
FN:213,(anonymous_28)
FN:238,hotAddUpdateChunk
FN:252,hotEnsureUpdateChunk
FN:262,hotUpdateDownloaded
FN:272,(anonymous_32)
FN:276,(anonymous_33)
FN:279,(anonymous_34)
FN:294,hotApply
FN:305,getAffectedStuff
FN:309,(anonymous_37)
FN:371,addAllToSet
FN:384,warnUnexpectedRequire
FN:496,(anonymous_40)
FN:657,(anonymous_41)
FN:666,__webpack_require__
FN:700,(anonymous_43)
FN:707,(anonymous_44)
FN:719,(anonymous_45)
FN:726,(anonymous_46)
FN:731,(anonymous_47)
FN:733,getDefault
FN:734,getModuleExports
FN:740,(anonymous_50)
FN:746,(anonymous_51)
FN:760,(anonymous_52)
FN:766,(anonymous_53)
FN:767,(anonymous_54)
FN:777,(anonymous_55)
FN:786,(anonymous_56)
FN:796,(anonymous_57)
FN:815,(anonymous_58)
FN:819,dummy
FN:821,shouldLog
FN:829,logGroup
FN:830,(anonymous_62)
FN:837,(anonymous_63)
FN:861,(anonymous_64)
FN:873,(anonymous_65)
FN:875,(anonymous_66)
FN:884,checkForUpdate
FN:888,(anonymous_68)
FN:896,(anonymous_69)
FN:923,(anonymous_70)
FN:927,(anonymous_71)
FN:941,(anonymous_72)
FN:944,(anonymous_73)
FN:963,(anonymous_74)
FN:985,(anonymous_75)
FN:1010,(anonymous_76)
FN:1017,(anonymous_77)
FN:1031,(anonymous_78)
FN:1035,(anonymous_79)
FN:1052,(anonymous_80)
FN:1056,(anonymous_81)
FN:1071,(anonymous_82)
FN:1072,(anonymous_83)
FN:1079,(anonymous_84)
FN:1090,(anonymous_85)
FN:1103,(anonymous_86)
FN:1114,(anonymous_87)
FN:1125,(anonymous_88)
FNF:89
FNH:0
FNDA:0,(anonymous_0)
FNDA:0,hotDownloadUpdateChunk
FNDA:0,hotDownloadManifest
FNDA:0,hotDisposeChunk
FNDA:0,hotCreateRequire
FNDA:0,(anonymous_5)
FNDA:0,ObjectFactory
FNDA:0,(anonymous_7)
FNDA:0,(anonymous_8)
FNDA:0,(anonymous_9)
FNDA:0,(anonymous_10)
FNDA:0,finishChunkLoading
FNDA:0,(anonymous_12)
FNDA:0,hotCreateModule
FNDA:0,(anonymous_14)
FNDA:0,(anonymous_15)
FNDA:0,(anonymous_16)
FNDA:0,(anonymous_17)
FNDA:0,(anonymous_18)
FNDA:0,(anonymous_19)
FNDA:0,(anonymous_20)
FNDA:0,(anonymous_21)
FNDA:0,(anonymous_22)
FNDA:0,(anonymous_23)
FNDA:0,hotSetStatus
FNDA:0,toModuleId
FNDA:0,hotCheck
FNDA:0,(anonymous_27)
FNDA:0,(anonymous_28)
FNDA:0,hotAddUpdateChunk
FNDA:0,hotEnsureUpdateChunk
FNDA:0,hotUpdateDownloaded
FNDA:0,(anonymous_32)
FNDA:0,(anonymous_33)
FNDA:0,(anonymous_34)
FNDA:0,hotApply
FNDA:0,getAffectedStuff
FNDA:0,(anonymous_37)
FNDA:0,addAllToSet
FNDA:0,warnUnexpectedRequire
FNDA:0,(anonymous_40)
FNDA:0,(anonymous_41)
FNDA:0,__webpack_require__
FNDA:0,(anonymous_43)
FNDA:0,(anonymous_44)
FNDA:0,(anonymous_45)
FNDA:0,(anonymous_46)
FNDA:0,(anonymous_47)
FNDA:0,getDefault
FNDA:0,getModuleExports
FNDA:0,(anonymous_50)
FNDA:0,(anonymous_51)
FNDA:0,(anonymous_52)
FNDA:0,(anonymous_53)
FNDA:0,(anonymous_54)
FNDA:0,(anonymous_55)
FNDA:0,(anonymous_56)
FNDA:0,(anonymous_57)
FNDA:0,(anonymous_58)
FNDA:0,dummy
FNDA:0,shouldLog
FNDA:0,logGroup
FNDA:0,(anonymous_62)
FNDA:0,(anonymous_63)
FNDA:0,(anonymous_64)
FNDA:0,(anonymous_65)
FNDA:0,(anonymous_66)
FNDA:0,checkForUpdate
FNDA:0,(anonymous_68)
FNDA:0,(anonymous_69)
FNDA:0,(anonymous_70)
FNDA:0,(anonymous_71)
FNDA:0,(anonymous_72)
FNDA:0,(anonymous_73)
FNDA:0,(anonymous_74)
FNDA:0,(anonymous_75)
FNDA:0,(anonymous_76)
FNDA:0,(anonymous_77)
FNDA:0,(anonymous_78)
FNDA:0,(anonymous_79)
FNDA:0,(anonymous_80)
FNDA:0,(anonymous_81)
FNDA:0,(anonymous_82)
FNDA:0,(anonymous_83)
FNDA:0,(anonymous_84)
FNDA:0,(anonymous_85)
FNDA:0,(anonymous_86)
FNDA:0,(anonymous_87)
FNDA:0,(anonymous_88)
DA:1,0
DA:4,0
DA:5,0
DA:10,0
DA:11,0
DA:13,0
DA:15,0
DA:20,0
DA:23,0
DA:25,0
DA:26,0
DA:27,0
DA:30,0
DA:32,0
DA:36,0
DA:37,0
DA:38,0
DA:39,0
DA:40,0
DA:41,0
DA:42,0
DA:45,0
DA:46,0
DA:48,0
DA:49,0
DA:52,0
DA:58,0
DA:60,0
DA:62,0
DA:63,0
DA:67,0
DA:70,0
DA:74,0
DA:75,0
DA:80,0
DA:83,0
DA:84,0
DA:85,0
DA:86,0
DA:87,0
DA:88,0
DA:92,0
DA:93,0
DA:94,0
DA:95,0
DA:97,0
DA:98,0
DA:103,0
DA:104,0
DA:105,0
DA:107,0
DA:112,0
DA:124,0
DA:125,0
DA:126,0
DA:127,0
DA:128,0
DA:129,0
DA:132,0
DA:133,0
DA:134,0
DA:135,0
DA:136,0
DA:139,0
DA:142,0
DA:145,0
DA:146,0
DA:153,0
DA:154,0
DA:157,0
DA:160,0
DA:161,0
DA:167,0
DA:168,0
DA:171,0
DA:172,0
DA:175,0
DA:176,0
DA:177,0
DA:181,0
DA:182,0
DA:183,0
DA:184,0
DA:185,0
DA:192,0
DA:193,0
DA:197,0
DA:198,0
DA:200,0
DA:201,0
DA:202,0
DA:203,0
DA:204,0
DA:205,0
DA:207,0
DA:208,0
DA:209,0
DA:210,0
DA:212,0
DA:213,0
DA:214,0
DA:219,0
DA:220,0
DA:224,0
DA:226,0
DA:231,0
DA:233,0
DA:239,0
DA:240,0
DA:241,0
DA:242,0
DA:243,0
DA:244,0
DA:247,0
DA:248,0
DA:253,0
DA:254,0
DA:256,0
DA:257,0
DA:258,0
DA:263,0
DA:264,0
DA:265,0
DA:266,0
DA:267,0
DA:271,0
DA:273,0
DA:277,0
DA:280,0
DA:284,0
DA:285,0
DA:286,0
DA:287,0
DA:290,0
DA:295,0
DA:296,0
DA:297,0
DA:306,0
DA:307,0
DA:309,0
DA:310,0
DA:315,0
DA:316,0
DA:317,0
DA:318,0
DA:319,0
DA:320,0
DA:321,0
DA:322,0
DA:328,0
DA:329,0
DA:335,0
DA:336,0
DA:337,0
DA:338,0
DA:339,0
DA:340,0
DA:347,0
DA:348,0
DA:349,0
DA:350,0
DA:351,0
DA:352,0
DA:354,0
DA:355,0
DA:356,0
DA:363,0
DA:372,0
DA:373,0
DA:374,0
DA:380,0
DA:381,0
DA:382,0
DA:384,0
DA:385,0
DA:390,0
DA:391,0
DA:392,0
DA:395,0
DA:396,0
DA:398,0
DA:404,0
DA:405,0
DA:406,0
DA:407,0
DA:408,0
DA:409,0
DA:411,0
DA:413,0
DA:414,0
DA:415,0
DA:420,0
DA:422,0
DA:423,0
DA:424,0
DA:431,0
DA:433,0
DA:434,0
DA:435,0
DA:438,0
DA:440,0
DA:441,0
DA:442,0
DA:444,0
DA:445,0
DA:446,0
DA:448,0
DA:450,0
DA:451,0
DA:452,0
DA:454,0
DA:455,0
DA:456,0
DA:457,0
DA:458,0
DA:464,0
DA:465,0
DA:466,0
DA:473,0
DA:474,0
DA:475,0
DA:481,0
DA:482,0
DA:483,0
DA:484,0
DA:488,0
DA:495,0
DA:496,0
DA:497,0
DA:498,0
DA:503,0
DA:504,0
DA:505,0
DA:506,0
DA:507,0
DA:509,0
DA:512,0
DA:513,0
DA:514,0
DA:515,0
DA:517,0
DA:520,0
DA:523,0
DA:526,0
DA:529,0
DA:530,0
DA:531,0
DA:532,0
DA:533,0
DA:534,0
DA:542,0
DA:543,0
DA:546,0
DA:547,0
DA:548,0
DA:549,0
DA:550,0
DA:551,0
DA:552,0
DA:559,0
DA:561,0
DA:564,0
DA:565,0
DA:566,0
DA:571,0
DA:572,0
DA:573,0
DA:576,0
DA:577,0
DA:578,0
DA:579,0
DA:580,0
DA:581,0
DA:582,0
DA:583,0
DA:584,0
DA:585,0
DA:588,0
DA:589,0
DA:590,0
DA:591,0
DA:593,0
DA:594,0
DA:601,0
DA:602,0
DA:611,0
DA:612,0
DA:613,0
DA:614,0
DA:615,0
DA:616,0
DA:618,0
DA:619,0
DA:620,0
DA:622,0
DA:623,0
DA:630,0
DA:631,0
DA:633,0
DA:636,0
DA:637,0
DA:643,0
DA:644,0
DA:651,0
DA:652,0
DA:653,0
DA:656,0
DA:657,0
DA:658,0
DA:663,0
DA:669,0
DA:670,0
DA:673,0
DA:683,0
DA:686,0
DA:689,0
DA:694,0
DA:697,0
DA:700,0
DA:701,0
DA:702,0
DA:707,0
DA:708,0
DA:709,0
DA:711,0
DA:719,0
DA:720,0
DA:721,0
DA:722,0
DA:723,0
DA:724,0
DA:725,0
DA:726,0
DA:727,0
DA:731,0
DA:732,0
DA:733,0
DA:734,0
DA:735,0
DA:736,0
DA:740,0
DA:743,0
DA:746,0
DA:750,0
DA:766,0
DA:767,0
DA:768,0
DA:770,0
DA:772,0
DA:773,0
DA:777,0
DA:778,0
DA:782,0
DA:783,0
DA:785,0
DA:786,0
DA:787,0
DA:788,0
DA:789,0
DA:790,0
DA:791,0
DA:793,0
DA:796,0
DA:797,0
DA:799,0
DA:800,0
DA:817,0
DA:823,0
DA:826,0
DA:830,0
DA:831,0
DA:832,0
DA:837,0
DA:838,0
DA:839,0
DA:840,0
DA:841,0
DA:842,0
DA:843,0
DA:844,0
DA:850,0
DA:851,0
DA:852,0
DA:855,0
DA:857,0
DA:859,0
DA:861,0
DA:862,0
DA:875,0
DA:880,0
DA:881,0
DA:882,0
DA:884,0
DA:885,0
DA:886,0
DA:889,0
DA:890,0
DA:891,0
DA:893,0
DA:894,0
DA:897,0
DA:898,0
DA:899,0
DA:900,0
DA:901,0
DA:903,0
DA:911,0
DA:927,0
DA:928,0
DA:930,0
DA:931,0
DA:932,0
DA:933,0
DA:934,0
DA:938,0
DA:939,0
DA:940,0
DA:941,0
DA:942,0
DA:944,0
DA:945,0
DA:947,0
DA:948,0
DA:951,0
DA:953,0
DA:967,0
DA:968,0
DA:969,0
DA:970,0
DA:975,0
DA:989,0
DA:990,0
DA:991,0
DA:1014,0
DA:1015,0
DA:1018,0
DA:1035,0
DA:1036,0
DA:1037,0
DA:1039,0
DA:1040,0
DA:1041,0
DA:1056,0
DA:1057,0
DA:1059,0
DA:1060,0
DA:1061,0
DA:1062,0
DA:1063,0
DA:1064,0
DA:1065,0
DA:1071,0
DA:1072,0
DA:1073,0
DA:1074,0
DA:1077,0
DA:1078,0
DA:1079,0
DA:1092,0
DA:1093,0
DA:1105,0
DA:1116,0
DA:1127,0
LF:463
LH:0
BRDA:37,0,0,0
BRDA:37,0,1,0
BRDA:39,1,0,0
BRDA:39,1,1,0
BRDA:40,2,0,0
BRDA:40,2,1,0
BRDA:41,3,0,0
BRDA:41,3,1,0
BRDA:48,4,0,0
BRDA:48,4,1,0
BRDA:75,5,0,0
BRDA:75,5,1,0
BRDA:76,6,0,0
BRDA:76,6,1,0
BRDA:76,6,2,0
BRDA:84,7,0,0
BRDA:84,7,1,0
BRDA:93,8,0,0
BRDA:93,8,1,0
BRDA:94,9,0,0
BRDA:94,9,1,0
BRDA:97,10,0,0
BRDA:97,10,1,0
BRDA:97,11,0,0
BRDA:97,11,1,0
BRDA:104,12,0,0
BRDA:104,12,1,0
BRDA:124,13,0,0
BRDA:124,13,1,0
BRDA:125,14,0,0
BRDA:125,14,1,0
BRDA:126,15,0,0
BRDA:126,15,1,0
BRDA:128,16,0,0
BRDA:128,16,1,0
BRDA:129,17,0,0
BRDA:129,17,1,0
BRDA:132,18,0,0
BRDA:132,18,1,0
BRDA:133,19,0,0
BRDA:133,19,1,0
BRDA:146,20,0,0
BRDA:146,20,1,0
BRDA:153,21,0,0
BRDA:153,21,1,0
BRDA:161,22,0,0
BRDA:161,22,1,0
BRDA:193,23,0,0
BRDA:193,23,1,0
BRDA:197,24,0,0
BRDA:197,24,1,0
BRDA:203,25,0,0
BRDA:203,25,1,0
BRDA:226,26,0,0
BRDA:226,26,1,0
BRDA:227,27,0,0
BRDA:227,27,1,0
BRDA:227,27,2,0
BRDA:239,28,0,0
BRDA:239,28,1,0
BRDA:239,29,0,0
BRDA:239,29,1,0
BRDA:243,30,0,0
BRDA:243,30,1,0
BRDA:247,31,0,0
BRDA:247,31,1,0
BRDA:247,32,0,0
BRDA:247,32,1,0
BRDA:253,33,0,0
BRDA:253,33,1,0
BRDA:266,34,0,0
BRDA:266,34,1,0
BRDA:267,35,0,0
BRDA:267,35,1,0
BRDA:286,36,0,0
BRDA:286,36,1,0
BRDA:295,37,0,0
BRDA:295,37,1,0
BRDA:297,38,0,0
BRDA:297,38,1,0
BRDA:320,39,0,0
BRDA:320,39,1,0
BRDA:320,40,0,0
BRDA:320,40,1,0
BRDA:321,41,0,0
BRDA:321,41,1,0
BRDA:328,42,0,0
BRDA:328,42,1,0
BRDA:338,43,0,0
BRDA:338,43,1,0
BRDA:339,44,0,0
BRDA:339,44,1,0
BRDA:347,45,0,0
BRDA:347,45,1,0
BRDA:348,46,0,0
BRDA:348,46,1,0
BRDA:349,47,0,0
BRDA:349,47,1,0
BRDA:374,48,0,0
BRDA:374,48,1,0
BRDA:391,49,0,0
BRDA:391,49,1,0
BRDA:395,50,0,0
BRDA:395,50,1,0
BRDA:408,51,0,0
BRDA:408,51,1,0
BRDA:411,52,0,0
BRDA:411,52,1,0
BRDA:411,52,2,0
BRDA:411,52,3,0
BRDA:411,52,4,0
BRDA:411,52,5,0
BRDA:413,53,0,0
BRDA:413,53,1,0
BRDA:414,54,0,0
BRDA:414,54,1,0
BRDA:422,55,0,0
BRDA:422,55,1,0
BRDA:423,56,0,0
BRDA:423,56,1,0
BRDA:433,57,0,0
BRDA:433,57,1,0
BRDA:434,58,0,0
BRDA:434,58,1,0
BRDA:440,59,0,0
BRDA:440,59,1,0
BRDA:444,60,0,0
BRDA:444,60,1,0
BRDA:450,61,0,0
BRDA:450,61,1,0
BRDA:454,62,0,0
BRDA:454,62,1,0
BRDA:458,63,0,0
BRDA:458,63,1,0
BRDA:464,64,0,0
BRDA:464,64,1,0
BRDA:473,65,0,0
BRDA:473,65,1,0
BRDA:484,66,0,0
BRDA:484,66,1,0
BRDA:485,67,0,0
BRDA:485,67,1,0
BRDA:497,68,0,0
BRDA:497,68,1,0
BRDA:507,69,0,0
BRDA:507,69,1,0
BRDA:531,70,0,0
BRDA:531,70,1,0
BRDA:533,71,0,0
BRDA:533,71,1,0
BRDA:543,72,0,0
BRDA:543,72,1,0
BRDA:547,73,0,0
BRDA:547,73,1,0
BRDA:552,74,0,0
BRDA:552,74,1,0
BRDA:565,75,0,0
BRDA:565,75,1,0
BRDA:573,76,0,0
BRDA:573,76,1,0
BRDA:577,77,0,0
BRDA:577,77,1,0
BRDA:583,78,0,0
BRDA:583,78,1,0
BRDA:584,79,0,0
BRDA:584,79,1,0
BRDA:593,80,0,0
BRDA:593,80,1,0
BRDA:601,81,0,0
BRDA:601,81,1,0
BRDA:602,82,0,0
BRDA:602,82,1,0
BRDA:618,83,0,0
BRDA:618,83,1,0
BRDA:622,84,0,0
BRDA:622,84,1,0
BRDA:630,85,0,0
BRDA:630,85,1,0
BRDA:631,86,0,0
BRDA:631,86,1,0
BRDA:633,87,0,0
BRDA:633,87,1,0
BRDA:636,88,0,0
BRDA:636,88,1,0
BRDA:643,89,0,0
BRDA:643,89,1,0
BRDA:644,90,0,0
BRDA:644,90,1,0
BRDA:651,91,0,0
BRDA:651,91,1,0
BRDA:669,92,0,0
BRDA:669,92,1,0
BRDA:701,93,0,0
BRDA:701,93,1,0
BRDA:708,94,0,0
BRDA:708,94,1,0
BRDA:708,95,0,0
BRDA:708,95,1,0
BRDA:720,96,0,0
BRDA:720,96,1,0
BRDA:721,97,0,0
BRDA:721,97,1,0
BRDA:722,98,0,0
BRDA:722,98,1,0
BRDA:722,99,0,0
BRDA:722,99,1,0
BRDA:722,99,2,0
BRDA:722,99,3,0
BRDA:726,100,0,0
BRDA:726,100,1,0
BRDA:726,101,0,0
BRDA:726,101,1,0
BRDA:732,102,0,0
BRDA:732,102,1,0
BRDA:732,103,0,0
BRDA:732,103,1,0
BRDA:768,104,0,0
BRDA:768,104,1,0
BRDA:772,105,0,0
BRDA:772,105,1,0
BRDA:782,106,0,0
BRDA:782,106,1,0
BRDA:782,107,0,0
BRDA:782,107,1,0
BRDA:787,108,0,0
BRDA:787,108,1,0
BRDA:787,109,0,0
BRDA:787,109,1,0
BRDA:799,110,0,0
BRDA:799,110,1,0
BRDA:823,111,0,0
BRDA:823,111,1,0
BRDA:823,111,2,0
BRDA:823,111,3,0
BRDA:823,111,4,0
BRDA:823,111,5,0
BRDA:831,112,0,0
BRDA:831,112,1,0
BRDA:838,113,0,0
BRDA:838,113,1,0
BRDA:839,114,0,0
BRDA:839,114,1,0
BRDA:841,115,0,0
BRDA:841,115,1,0
BRDA:843,116,0,0
BRDA:843,116,1,0
BRDA:850,117,0,0
BRDA:850,117,1,0
BRDA:851,118,0,0
BRDA:851,118,1,0
BRDA:852,119,0,0
BRDA:852,119,1,0
BRDA:880,120,0,0
BRDA:880,120,1,0
BRDA:881,121,0,0
BRDA:881,121,1,0
BRDA:885,122,0,0
BRDA:885,122,1,0
BRDA:889,123,0,0
BRDA:889,123,1,0
BRDA:890,124,0,0
BRDA:890,124,1,0
BRDA:898,125,0,0
BRDA:898,125,1,0
BRDA:900,126,0,0
BRDA:900,126,1,0
BRDA:905,127,0,0
BRDA:905,127,1,0
BRDA:927,128,0,0
BRDA:927,128,1,0
BRDA:927,128,2,0
BRDA:928,129,0,0
BRDA:928,129,1,0
BRDA:928,130,0,0
BRDA:928,130,1,0
BRDA:996,131,0,0
BRDA:996,131,1,0
BRDA:1035,132,0,0
BRDA:1035,132,1,0
BRDA:1035,132,2,0
BRDA:1036,133,0,0
BRDA:1036,133,1,0
BRDA:1041,134,0,0
BRDA:1041,134,1,0
BRDA:1056,135,0,0
BRDA:1056,135,1,0
BRDA:1056,135,2,0
BRDA:1057,136,0,0
BRDA:1057,136,1,0
BRDA:1057,137,0,0
BRDA:1057,137,1,0
BRDA:1077,138,0,0
BRDA:1077,138,1,0
BRF:293
BRH:0
end_of_record
